<?xml version="1.0" encoding="UTF-8"?>
<Site BuildName="Win32-MSBuild"
	BuildStamp="20240820-0706-Experimental"
	Name="Thomas-Lee"
	Generator="ctest-3.30.2"
	CompilerName="C:/Program Files (x86)/Microsoft Visual Studio/2022/BuildTools/VC/Tools/MSVC/14.40.33807/bin/Hostx64/x64/cl.exe"
	CompilerVersion="19.40.33813.0"
	OSName="Windows"
	Hostname="Thomas-Lee"
	OSRelease=" Personal"
	OSVersion=" (Build 22631)"
	OSPlatform="AMD64"
	Is64Bits="1"
	VendorString="GenuineIntel"
	VendorID="Intel Corporation"
	FamilyID="6"
	ModelID="15"
	ProcessorCacheSize="-1"
	NumberOfLogicalCPU="24"
	NumberOfPhysicalCPU="16"
	TotalVirtualMemory="34553"
	TotalPhysicalMemory="32505"
	LogicalProcessorsPerPhysical="1"
	ProcessorClockFrequency="2304"
	>
	<Testing>
		<StartDateTime>Aug 20 11:54 South Africa Standard Time</StartDateTime>
		<StartTestTime>1724147683</StartTestTime>
		<TestList/>
		<EndDateTime>Aug 20 11:54 South Africa Standard Time</EndDateTime>
		<EndTestTime>1724147683</EndTestTime>
		<ElapsedMinutes>0</ElapsedMinutes>
	</Testing>
</Site>
